<?xml version="1.0" encoding="UTF-8"?>
<!-- Generated by org.testng.reporters.JUnitReportReporter -->
<testsuite hostname="LAPTOP-P3PTO09U" failures="0" tests="2" name="PomFramework.LoginPageTest" time="24.538" errors="0" timestamp="2021-05-27T19:27:14 IST" skipped="0">
  <testcase classname="PomFramework.LoginPageTest" name="validatepagetitle" time="6.449"/>
  <testcase classname="PomFramework.LoginPageTest" name="login" time="18.089"/>
</testsuite> <!-- PomFramework.LoginPageTest -->
