<?xml version="1.0" encoding="UTF-8"?>
<!-- Generated by org.testng.reporters.JUnitReportReporter -->
<testsuite hostname="LAPTOP-P3PTO09U" failures="0" tests="3" name="TestCases.LoginPageTest" time="30.303" errors="0" timestamp="2021-07-24T17:46:59 IST" skipped="0">
  <testcase classname="TestCases.LoginPageTest" name="login" time="12.385"/>
  <testcase classname="TestCases.LoginPageTest" name="signup" time="10.098"/>
  <testcase classname="TestCases.LoginPageTest" name="validatepagetitle" time="7.820"/>
</testsuite> <!-- TestCases.LoginPageTest -->
