<?xml version="1.0" encoding="UTF-8"?>
<!-- Generated by org.testng.reporters.JUnitReportReporter -->
<testsuite hostname="LAPTOP-P3PTO09U" failures="0" tests="2" name="PomFramework.ContactPageTest" time="98.442" errors="0" timestamp="2021-02-01T22:17:08 IST" skipped="0">
  <testcase classname="PomFramework.ContactPageTest" name="clicknNewContact" time="43.662"/>
  <system-out/>
  <testcase classname="PomFramework.ContactPageTest" name="newcontact" time="54.780"/>
  <system-out/>
</testsuite> <!-- PomFramework.ContactPageTest -->
