<?xml version="1.0" encoding="UTF-8"?>
<!-- Generated by org.testng.reporters.JUnitReportReporter -->
<testsuite hostname="LAPTOP-P3PTO09U" failures="0" tests="2" name="PomFramework.LoginPageTest" time="37.273" errors="0" timestamp="2021-02-01T22:17:08 IST" skipped="0">
  <testcase classname="PomFramework.LoginPageTest" name="validatepagetitle" time="17.131"/>
  <system-out/>
  <testcase classname="PomFramework.LoginPageTest" name="login" time="20.142"/>
  <system-out/>
</testsuite> <!-- PomFramework.LoginPageTest -->
